<?xml version="1.0" encoding="UTF-8"?>
<!-- Generated by org.testng.reporters.JUnitReportReporter -->
<testsuite skipped="0" hostname="DESKTOP-O544DRQ" name="com.app.testscripts.WebViewClass" tests="1" failures="0" timestamp="2021-05-25T20:08:27 IST" time="34.342" errors="0">
  <testcase name="TestWebViewMethod" time="34.342" classname="com.app.testscripts.WebViewClass"/>
  <system-out/>
</testsuite> <!-- com.app.testscripts.WebViewClass -->
