<?xml version="1.0" encoding="UTF-8"?>
<!-- Generated by org.testng.reporters.JUnitReportReporter -->
<testsuite skipped="0" hostname="DESKTOP-O544DRQ" name="com.app.testscripts.SwappingTest" tests="1" failures="0" timestamp="2021-05-22T10:08:33 IST" time="9.527" errors="0">
  <testcase name="swappingMethod" time="9.527" classname="com.app.testscripts.SwappingTest"/>
  <system-out/>
</testsuite> <!-- com.app.testscripts.SwappingTest -->
