<?xml version="1.0" encoding="UTF-8"?>
<!-- Generated by org.testng.reporters.JUnitReportReporter -->
<testsuite skipped="0" hostname="DESKTOP-O544DRQ" name="com.app.testscripts.TestLaunch" tests="1" failures="0" timestamp="2021-05-19T19:45:54 IST" time="12.547" errors="0">
  <testcase name="TestMethod" time="12.547" classname="com.app.testscripts.TestLaunch"/>
  <system-out/>
</testsuite> <!-- com.app.testscripts.TestLaunch -->
