<?xml version="1.0" encoding="UTF-8"?>
<!-- Generated by org.testng.reporters.JUnitReportReporter -->
<testsuite skipped="0" hostname="DESKTOP-O544DRQ" name="com.app.testscripts.E2ETestCase" tests="1" failures="0" timestamp="2021-05-31T22:25:55 IST" time="24.673" errors="0">
  <testcase name="E2ETestMethod" time="24.673" classname="com.app.testscripts.E2ETestCase"/>
  <system-out/>
</testsuite> <!-- com.app.testscripts.E2ETestCase -->
