<?xml version="1.0" encoding="UTF-8"?>
<!-- Generated by org.testng.reporters.JUnitReportReporter -->
<testsuite skipped="0" hostname="DESKTOP-O544DRQ" name="com.app.testscripts.LoginTest" tests="1" failures="0" timestamp="2021-05-23T00:30:51 IST" time="35.540" errors="0">
  <testcase name="loginTestMethod" time="35.540" classname="com.app.testscripts.LoginTest"/>
  <system-out/>
</testsuite> <!-- com.app.testscripts.LoginTest -->
