<?xml version="1.0" encoding="UTF-8"?>
<!-- Generated by org.testng.reporters.JUnitReportReporter -->
<testsuite skipped="0" hostname="DESKTOP-O544DRQ" name="com.app.testscripts.VerifyTotalAmount" tests="1" failures="0" timestamp="2021-05-25T18:00:21 IST" time="26.115" errors="0">
  <testcase name="E2ETestMethod" time="26.115" classname="com.app.testscripts.VerifyTotalAmount"/>
  <system-out/>
</testsuite> <!-- com.app.testscripts.VerifyTotalAmount -->
