<?xml version="1.0" encoding="UTF-8"?>
<!-- Generated by org.testng.reporters.JUnitReportReporter -->
<testsuite skipped="0" hostname="DESKTOP-O544DRQ" name="com.app.testscripts.Views" tests="1" failures="0" timestamp="2021-05-19T22:52:05 IST" time="1.953" errors="0">
  <testcase name="testViewMethod" time="1.953" classname="com.app.testscripts.Views"/>
  <system-out/>
</testsuite> <!-- com.app.testscripts.Views -->
