<?xml version="1.0" encoding="UTF-8"?>
<!-- Generated by org.testng.reporters.JUnitReportReporter -->
<testsuite skipped="0" hostname="DESKTOP-O544DRQ" name="com.app.testscripts.Preference" tests="1" failures="0" timestamp="2021-05-19T20:19:13 IST" time="4.763" errors="0">
  <testcase name="TestPreferenceMethod" time="4.763" classname="com.app.testscripts.Preference"/>
  <system-out/>
</testsuite> <!-- com.app.testscripts.Preference -->
