<?xml version="1.0" encoding="UTF-8"?>
<!-- Generated by org.testng.reporters.JUnitReportReporter -->
<testsuite skipped="0" hostname="DESKTOP-O544DRQ" name="com.app.testscripts.GestureTap" tests="1" failures="0" timestamp="2021-05-21T23:47:19 IST" time="8.709" errors="0">
  <testcase name="TestSingleTap" time="8.709" classname="com.app.testscripts.GestureTap"/>
  <system-out/>
</testsuite> <!-- com.app.testscripts.GestureTap -->
