<?xml version="1.0" encoding="UTF-8"?>
<!-- Generated by org.testng.reporters.JUnitReportReporter -->
<testsuite skipped="0" hostname="DESKTOP-O544DRQ" name="com.app.testscripts.GetToastMessage" tests="1" failures="0" timestamp="2021-05-23T02:02:46 IST" time="6.608" errors="0">
  <testcase name="toastTestMethod" time="6.608" classname="com.app.testscripts.GetToastMessage"/>
  <system-out/>
</testsuite> <!-- com.app.testscripts.GetToastMessage -->
