<?xml version="1.0" encoding="UTF-8"?>
<!-- Generated by org.testng.reporters.JUnitReportReporter -->
<testsuite skipped="0" hostname="DESKTOP-O544DRQ" name="com.app.testscripts.MobileBrowserTesting" tests="1" failures="0" timestamp="2021-05-26T14:44:57 IST" time="9.877" errors="0">
  <testcase name="MobileBrowser" time="9.877" classname="com.app.testscripts.MobileBrowserTesting"/>
  <system-out/>
</testsuite> <!-- com.app.testscripts.MobileBrowserTesting -->
