<?xml version="1.0" encoding="UTF-8"?>
<!-- Generated by org.testng.reporters.JUnitReportReporter -->
<testsuite skipped="0" hostname="DESKTOP-O544DRQ" name="com.app.testscripts.DragAndDropTest" tests="1" failures="0" timestamp="2021-05-22T22:45:15 IST" time="9.077" errors="0">
  <testcase name="testDragAndDropMethod" time="9.077" classname="com.app.testscripts.DragAndDropTest"/>
  <system-out/>
</testsuite> <!-- com.app.testscripts.DragAndDropTest -->
